 The termosensor"s curve: kv188                                                 
  TEMP    U(T)   CODE                    
-57736 1.28
  4.00   1.2501  4000                     
  5.00   1.2459  3987                                                           
  6.00   1.2433  3978                                                           
  7.00   1.2370  3958                                                           
  8.00   1.2299  3936                                                           
  9.00   1.2251  3920                                                           
 10.00   1.2205  3906                                                           
 11.00   1.2148  3887                                                           
 12.00   1.2088  3868                                                           
 13.00   1.2030  3850                                                           
 14.00   1.1971  3831                                                           
 15.00   1.1908  3810                                                           
 16.00   1.1841  3789                                                           
 17.00   1.1771  3767                                                           
 18.00   1.1696  3743                                                           
 19.00   1.1615  3717                                                           
 20.00   1.1521  3687                                                           
 21.00   1.1389  3645                                                           
 22.00   1.1262  3604                                                           
 23.00   1.1178  3577                                                           
 24.00   1.1119  3558                                                           
 25.00   1.1078  3545                                                           
 26.00   1.1049  3536                                                           
 27.00   1.1024  3528                                                           
 28.00   1.1003  3521                                                           
 29.00   1.0987  3516                                                           
 30.00   1.0972  3511                                                           
 31.00   1.0958  3506                                                           
 32.00   1.0944  3502                                                           
 33.00   1.0930  3498                                                           
 34.00   1.0917  3493                                                           
 35.00   1.0904  3489                                                           
 36.00   1.0891  3485                                                           
 37.00   1.0878  3481                                                           
 38.00   1.0866  3477                                                           
 39.00   1.0853  3473                                                           
 40.00   1.0840  3469                                                           
 41.00   1.0826  3464                                                           
 42.00   1.0813  3460                                                           
 43.00   1.0800  3456                                                           
 44.00   1.0787  3452                                                           
 45.00   1.0773  3447                                                           
 46.00   1.0760  3443                                                           
 47.00   1.0747  3439                                                           
 48.00   1.0734  3435                                                           
 49.00   1.0721  3431                                                           
 50.00   1.0708  3426                                                           
 51.00   1.0695  3422                                                           
 52.00   1.0682  3418                                                           
 53.00   1.0669  3414                                                           
 54.00   1.0656  3410                                                           
 55.00   1.0643  3406                                                           
 56.00   1.0631  3402                                                           
 57.00   1.0618  3398                                                           
 58.00   1.0605  3394                                                           
 59.00   1.0592  3390                                                           
 60.00   1.0579  3385                                                           
 61.00   1.0567  3381                                                           
 62.00   1.0554  3377                                                           
 63.00   1.0541  3373                                                           
 64.00   1.0528  3369                                                           
 65.00   1.0515  3365                                                           
 66.00   1.0503  3361                                                           
 67.00   1.0490  3357                                                           
 68.00   1.0477  3353                                                           
 69.00   1.0464  3349                                                           
 70.00   1.0451  3344                                                           
 71.00   1.0439  3340                                                           
 72.00   1.0426  3336                                                           
 73.00   1.0413  3332                                                           
 74.00   1.0400  3328                                                           
 75.00   1.0387  3324                                                           
 76.00   1.0374  3320                                                           
 77.00   1.0360  3315                                                           
 78.00   1.0347  3311                                                           
 79.00   1.0334  3307                                                           
 80.00   1.0321  3303                                                           
 81.00   1.0308  3298                                                           
 82.00   1.0295  3294                                                           
 83.00   1.0281  3290                                                           
 84.00   1.0268  3286                                                           
 85.00   1.0255  3281                                                           
 86.00   1.0241  3277                                                           
 87.00   1.0228  3273                                                           
 88.00   1.0214  3268                                                           
 89.00   1.0200  3264                                                           
 90.00   1.0187  3260                                                           
 91.00   1.0173  3255                                                           
 92.00   1.0159  3251                                                           
 93.00   1.0145  3246                                                           
 94.00   1.0130  3242                                                           
 95.00   1.0116  3237                                                           
 96.00   1.0102  3233                                                           
 97.00   1.0088  3228                                                           
 98.00   1.0073  3223                                                           
 99.00   1.0059  3219                                                           
100.00   1.0044  3214                                                           
101.00   1.0029  3209                                                           
102.00   1.0015  3205                                                           
103.00   1.0000  3200                                                           
104.00   0.9985  3195                                                           
105.00   0.9971  3191                                                           
106.00   0.9956  3186                                                           
107.00   0.9941  3181                                                           
108.00   0.9926  3176                                                           
109.00   0.9911  3172                                                           
110.00   0.9897  3167                                                           
111.00   0.9882  3162                                                           
112.00   0.9867  3157                                                           
113.00   0.9852  3153                                                           
114.00   0.9837  3148                                                           
115.00   0.9823  3143                                                           
116.00   0.9808  3138                                                           
117.00   0.9793  3134                                                           
118.00   0.9778  3129                                                           
119.00   0.9763  3124                                                           
120.00   0.9748  3119                                                           
121.00   0.9733  3115                                                           
122.00   0.9718  3110                                                           
123.00   0.9703  3105                                                           
124.00   0.9688  3100                                                           
125.00   0.9672  3095                                                           
126.00   0.9657  3090                                                           
127.00   0.9641  3085                                                           
128.00   0.9626  3080                                                           
129.00   0.9610  3075                                                           
130.00   0.9594  3070                                                           
131.00   0.9579  3065                                                           
132.00   0.9563  3060                                                           
133.00   0.9546  3055                                                           
134.00   0.9530  3050                                                           
135.00   0.9514  3044                                                           
136.00   0.9497  3039                                                           
137.00   0.9481  3034                                                           
138.00   0.9464  3029                                                           
139.00   0.9448  3023                                                           
140.00   0.9431  3018                                                           
141.00   0.9414  3013                                                           
142.00   0.9398  3007                                                           
143.00   0.9381  3002                                                           
144.00   0.9364  2996                                                           
145.00   0.9347  2991                                                           
146.00   0.9330  2986                                                           
147.00   0.9314  2980                                                           
148.00   0.9297  2975                                                           
149.00   0.9280  2970                                                           
150.00   0.9263  2964                                                           
151.00   0.9247  2959                                                           
152.00   0.9230  2954                                                           
153.00   0.9213  2948                                                           
154.00   0.9197  2943                                                           
155.00   0.9180  2938                                                           
156.00   0.9163  2932                                                           
157.00   0.9147  2927                                                           
158.00   0.9130  2922                                                           
159.00   0.9113  2916                                                           
160.00   0.9096  2911                                                           
161.00   0.9080  2906                                                           
162.00   0.9063  2900                                                           
163.00   0.9046  2895                                                           
164.00   0.9029  2889                                                           
165.00   0.9012  2884                                                           
166.00   0.8995  2879                                                           
167.00   0.8978  2873                                                           
168.00   0.8961  2868                                                           
169.00   0.8944  2862                                                           
170.00   0.8927  2857                                                           
171.00   0.8910  2851                                                           
172.00   0.8892  2846                                                           
173.00   0.8875  2840                                                           
174.00   0.8858  2834                                                           
175.00   0.8840  2829                                                           
176.00   0.8822  2823                                                           
177.00   0.8805  2818                                                           
178.00   0.8787  2812                                                           
179.00   0.8770  2806                                                           
180.00   0.8752  2801                                                           
181.00   0.8734  2795                                                           
182.00   0.8716  2789                                                           
183.00   0.8699  2784                                                           
184.00   0.8681  2778                                                           
185.00   0.8663  2772                                                           
186.00   0.8645  2767                                                           
187.00   0.8628  2761                                                           
188.00   0.8610  2755                                                           
189.00   0.8592  2749                                                           
190.00   0.8574  2744                                                           
191.00   0.8557  2738                                                           
192.00   0.8539  2732                                                           
193.00   0.8521  2727                                                           
194.00   0.8504  2721                                                           
195.00   0.8486  2715                                                           
196.00   0.8468  2710                                                           
197.00   0.8450  2704                                                           
198.00   0.8433  2698                                                           
199.00   0.8415  2693                                                           
200.00   0.8397  2687                                                           
201.00   0.8379  2681                                                           
202.00   0.8362  2676                                                           
203.00   0.8344  2670                                                           
204.00   0.8326  2664                                                           
205.00   0.8308  2659                                                           
206.00   0.8290  2653                                                           
207.00   0.8272  2647                                                           
208.00   0.8254  2641                                                           
209.00   0.8236  2636                                                           
210.00   0.8218  2630                                                           
211.00   0.8200  2624                                                           
212.00   0.8182  2618                                                           
213.00   0.8164  2612                                                           
214.00   0.8146  2607                                                           
215.00   0.8127  2601                                                           
216.00   0.8109  2595                                                           
217.00   0.8091  2589                                                           
218.00   0.8073  2583                                                           
219.00   0.8054  2577                                                           
220.00   0.8036  2572                                                           
221.00   0.8018  2566                                                           
222.00   0.7999  2560                                                           
223.00   0.7981  2554                                                           
224.00   0.7962  2548                                                           
225.00   0.7944  2542                                                           
226.00   0.7925  2536                                                           
227.00   0.7907  2530                                                           
228.00   0.7888  2524                                                           
229.00   0.7870  2518                                                           
230.00   0.7851  2512                                                           
231.00   0.7832  2506                                                           
232.00   0.7814  2500                                                           
233.00   0.7795  2494                                                           
234.00   0.7776  2488                                                           
235.00   0.7757  2482                                                           
236.00   0.7738  2476                                                           
237.00   0.7719  2470                                                           
238.00   0.7701  2464                                                           
239.00   0.7682  2458                                                           
240.00   0.7663  2452                                                           
241.00   0.7644  2446                                                           
242.00   0.7625  2440                                                           
243.00   0.7606  2434                                                           
244.00   0.7586  2428                                                           
245.00   0.7567  2422                                                           
246.00   0.7548  2416                                                           
247.00   0.7530  2409                                                           
248.00   0.7511  2403                                                           
249.00   0.7492  2397                                                           
250.00   0.7473  2391                                                           
251.00   0.7454  2385                                                           
252.00   0.7435  2379                                                           
253.00   0.7416  2373                                                           
254.00   0.7397  2367                                                           
255.00   0.7378  2361                                                           
256.00   0.7360  2355                                                           
257.00   0.7341  2349                                                           
258.00   0.7322  2343                                                           
259.00   0.7303  2337                                                           
260.00   0.7284  2331                                                           
261.00   0.7266  2325                                                           
262.00   0.7247  2319                                                           
263.00   0.7228  2313                                                           
264.00   0.7209  2307                                                           
265.00   0.7190  2301                                                           
266.00   0.7171  2295                                                           
267.00   0.7153  2289                                                           
268.00   0.7134  2283                                                           
269.00   0.7115  2277                                                           
270.00   0.7096  2271                                                           
271.00   0.7077  2265                                                           
272.00   0.7058  2259                                                           
273.00   0.7039  2252                                                           
274.00   0.7020  2246                                                           
275.00   0.7001  2240                                                           
276.00   0.6982  2234                                                           
277.00   0.6963  2228                                                           
278.00   0.6944  2222                                                           
279.00   0.6925  2216                                                           
280.00   0.6906  2210                                                           
281.00   0.6887  2204                                                           
282.00   0.6868  2198                                                           
283.00   0.6850  2192                                                           
284.00   0.6831  2186                                                           
285.00   0.6812  2180                                                           
286.00   0.6794  2174                                                           
287.00   0.6775  2168                                                           
288.00   0.6757  2162                                                           
289.00   0.6739  2156                                                           
290.00   0.6720  2151                                                           
291.00   0.6702  2145                                                           
292.00   0.6684  2139                                                           
293.00   0.6666  2133                                                           
294.00   0.6648  2127                                                           
295.00   0.6630  2122                                                           
296.00   0.6612  2116                                                           
297.00   0.6594  2110                                                           
298.00   0.6576  2104                                                           
299.00   0.6558  2099                                                           
300.00   0.6540  2093                                                           
301.00   0.6522  2087                                                           
302.00   0.6504  2081                                                           
303.00   0.6486  2076                                                           
304.00   0.6468  2070                                                           
305.00   0.6450  2064                                                           
306.00   0.6432  2058                                                           
307.00   0.6414  2052                                                           
308.00   0.6395  2047                                                           
309.00   0.6377  2041                                                           
333.00   0.6333  2035                                                           
